0 info it worked if it ends with ok
1 verbose cli [ 'C:\\Program Files\\nodejs\\\\node.exe',
1 verbose cli   'C:\\Program Files\\nodejs\\node_modules\\npm\\bin\\npm-cli.js',
1 verbose cli   'install',
1 verbose cli   'handlebar',
1 verbose cli   '-S' ]
2 info using npm@1.4.28
3 info using node@v0.10.32
4 verbose node symlink C:\Program Files\nodejs\\node.exe
5 warn package.json book@0.0.0 No description
6 warn package.json book@0.0.0 No repository field.
7 warn package.json book@0.0.0 No README data
8 warn package.json grunt-contrib-htmlmin@0.1.3 No README data
9 verbose readDependencies using package.json deps
10 verbose cache add [ 'handlebar', null ]
11 verbose cache add name=undefined spec="handlebar" args=["handlebar",null]
12 verbose parsed url { protocol: null,
12 verbose parsed url   slashes: null,
12 verbose parsed url   auth: null,
12 verbose parsed url   host: null,
12 verbose parsed url   port: null,
12 verbose parsed url   hostname: null,
12 verbose parsed url   hash: null,
12 verbose parsed url   search: null,
12 verbose parsed url   query: null,
12 verbose parsed url   pathname: 'handlebar',
12 verbose parsed url   path: 'handlebar',
12 verbose parsed url   href: 'handlebar' }
13 silly lockFile 4baa2081-handlebar handlebar
14 verbose lock handlebar C:\Users\ThànhCông\AppData\Roaming\npm-cache\4baa2081-handlebar.lock
15 silly lockFile 4baa2081-handlebar handlebar
16 silly lockFile 4baa2081-handlebar handlebar
17 verbose addNamed [ 'handlebar', '' ]
18 verbose addNamed [ null, '*' ]
19 silly lockFile 7d1bea82-handlebar handlebar@
20 verbose lock handlebar@ C:\Users\ThànhCông\AppData\Roaming\npm-cache\7d1bea82-handlebar.lock
21 silly addNameRange { name: 'handlebar', range: '*', hasData: false }
22 verbose request where is /handlebar
23 verbose request registry https://registry.npmjs.org/
24 verbose request id a35c7ae98601f158
25 verbose url raw /handlebar
26 verbose url resolving [ 'https://registry.npmjs.org/', './handlebar' ]
27 verbose url resolved https://registry.npmjs.org/handlebar
28 verbose request where is https://registry.npmjs.org/handlebar
29 info trying registry request attempt 1 at 15:56:07
30 http GET https://registry.npmjs.org/handlebar
31 http 404 https://registry.npmjs.org/handlebar
32 verbose headers { date: 'Tue, 23 Sep 2014 08:55:51 GMT',
32 verbose headers   server: 'CouchDB/1.5.0 (Erlang OTP/R16B03)',
32 verbose headers   'content-type': 'application/json',
32 verbose headers   'cache-control': 'max-age=0',
32 verbose headers   'content-length': '52',
32 verbose headers   'accept-ranges': 'bytes',
32 verbose headers   via: '1.1 varnish',
32 verbose headers   age: '0',
32 verbose headers   'x-served-by': 'cache-hk92-HKG',
32 verbose headers   'x-cache': 'MISS',
32 verbose headers   'x-cache-hits': '0',
32 verbose headers   'x-timer': 'S1411462551.104706,VS0,VE767',
32 verbose headers   'keep-alive': 'timeout=10, max=50',
32 verbose headers   connection: 'Keep-Alive' }
33 silly registry.get cb [ 404,
33 silly registry.get   { date: 'Tue, 23 Sep 2014 08:55:51 GMT',
33 silly registry.get     server: 'CouchDB/1.5.0 (Erlang OTP/R16B03)',
33 silly registry.get     'content-type': 'application/json',
33 silly registry.get     'cache-control': 'max-age=0',
33 silly registry.get     'content-length': '52',
33 silly registry.get     'accept-ranges': 'bytes',
33 silly registry.get     via: '1.1 varnish',
33 silly registry.get     age: '0',
33 silly registry.get     'x-served-by': 'cache-hk92-HKG',
33 silly registry.get     'x-cache': 'MISS',
33 silly registry.get     'x-cache-hits': '0',
33 silly registry.get     'x-timer': 'S1411462551.104706,VS0,VE767',
33 silly registry.get     'keep-alive': 'timeout=10, max=50',
33 silly registry.get     connection: 'Keep-Alive' } ]
34 silly lockFile 7d1bea82-handlebar handlebar@
35 silly lockFile 7d1bea82-handlebar handlebar@
36 error 404 404 Not Found: handlebar
36 error 404
36 error 404 'handlebar' is not in the npm registry.
36 error 404 You should bug the author to publish it
36 error 404 It was specified as a dependency of 'book'
36 error 404
36 error 404 Note that you can also install from a
36 error 404 tarball, folder, or http url, or git url.
37 error System Windows_NT 6.2.9200
38 error command "C:\\Program Files\\nodejs\\\\node.exe" "C:\\Program Files\\nodejs\\node_modules\\npm\\bin\\npm-cli.js" "install" "handlebar" "-S"
39 error cwd E:\Dropbox\Code\HTML\book
40 error node -v v0.10.32
41 error npm -v 1.4.28
42 error code E404
43 verbose exit [ 1, true ]
